Arguments: 
  /usr/bin/node /usr/share/yarn/bin/yarn.js

PATH: 
  /home/david/.local/bin:/usr/local/sbin:/usr/local/bin:/usr/sbin:/usr/bin:/sbin:/bin:/usr/games:/usr/local/games:/snap/bin:/home/david/Android/Sdk/emulator:/home/david/Android/Sdk/tools:/home/david/Android/Sdk/tools/bin:/home/david/Android/Sdk/platform-tools

Yarn version: 
  1.22.5

Node version: 
  10.19.0

Platform: 
  linux x64

Trace: 
  Error: read ECONNRESET
      at TLSWrap.onStreamRead (internal/stream_base_commons.js:111:27)

npm manifest: 
  {
    "name": "node-backend",
    "version": "1.0.0",
    "description": "",
    "main": "server.js",
    "scripts": {
      "test": "echo \"Error: no test specified\" && exit 1",
      "start": "node server",
      "start_dev": "nodemon server"
    },
    "author": "",
    "license": "ISC",
    "dependencies": {
      "bcrypt": "^5.0.1",
      "bcryptjs": "^2.4.3",
      "cors": "^2.8.5",
      "dotenv": "^10.0.0",
      "express": "^4.17.1",
      "express-fileupload": "^1.2.1",
      "express-form-data": "^2.0.17",
      "jsonwebtoken": "^8.5.1",
      "mongoose": "^5.13.3",
      "morgan": "^1.10.0",
      "multer": "^1.4.2",
      "node-cache": "^5.1.2",
      "node-cron": "^3.0.0",
      "nodemailer": "^6.6.3",
      "pm": "^2.2.6",
      "randomid": "^1.1.0",
      "recommender": "^3.0.0",
      "redis": "^3.1.2",
      "sharp": "^0.28.3",
      "socket.io": "^4.1.3",
      "webp-converter": "^2.3.3"
    },
    "devDependencies": {
      "nodemon": "^2.0.12"
    }
  }

yarn manifest: 
  No manifest

Lockfile: 
  No lockfile
